Building DAG of jobs...
File path /mnt/hdd1/narendra/cambridge/projects/inProgress/nORFScore//data/goldenDataSet/SRR8369888_1.fastq contains double '/'. This is likely unintended. It can also lead to inconsistent results of the file-matching approach used by Snakemake.
File path /mnt/hdd1/narendra/cambridge/projects/inProgress/nORFScore//data/goldenDataSet/SRR8369888_2.fastq contains double '/'. This is likely unintended. It can also lead to inconsistent results of the file-matching approach used by Snakemake.
File path /mnt/hdd1/narendra/cambridge/projects/inProgress/nORFScore//data/goldenDataSet/SRR8381428_1.fastq contains double '/'. This is likely unintended. It can also lead to inconsistent results of the file-matching approach used by Snakemake.
File path /mnt/hdd1/narendra/cambridge/projects/inProgress/nORFScore//data/goldenDataSet/SRR8381428_2.fastq contains double '/'. This is likely unintended. It can also lead to inconsistent results of the file-matching approach used by Snakemake.
File path /mnt/hdd1/narendra/cambridge/projects/inProgress/nORFScore//data/goldenDataSet/SRR8454587_1.fastq contains double '/'. This is likely unintended. It can also lead to inconsistent results of the file-matching approach used by Snakemake.
File path /mnt/hdd1/narendra/cambridge/projects/inProgress/nORFScore//data/goldenDataSet/SRR8454587_2.fastq contains double '/'. This is likely unintended. It can also lead to inconsistent results of the file-matching approach used by Snakemake.
File path /mnt/hdd1/narendra/cambridge/projects/inProgress/nORFScore//data/goldenDataSet/SRR8454590_1.fastq contains double '/'. This is likely unintended. It can also lead to inconsistent results of the file-matching approach used by Snakemake.
File path /mnt/hdd1/narendra/cambridge/projects/inProgress/nORFScore//data/goldenDataSet/SRR8454590_2.fastq contains double '/'. This is likely unintended. It can also lead to inconsistent results of the file-matching approach used by Snakemake.
File path /mnt/hdd1/narendra/cambridge/projects/inProgress/nORFScore//data/goldenDataSet/SRR8591413_1.fastq contains double '/'. This is likely unintended. It can also lead to inconsistent results of the file-matching approach used by Snakemake.
File path /mnt/hdd1/narendra/cambridge/projects/inProgress/nORFScore//data/goldenDataSet/SRR8591413_2.fastq contains double '/'. This is likely unintended. It can also lead to inconsistent results of the file-matching approach used by Snakemake.
Using shell: /bin/bash
Provided cores: 40
Rules claiming more threads will be scaled down.
Job counts:
	count	jobs
	1	all
	5	bwa
	5	fastp
	11

[Wed Feb  5 19:12:40 2020]
rule fastp:
    input: /mnt/hdd1/narendra/cambridge/projects/inProgress/nORFScore//data/goldenDataSet/SRR8454587_1.fastq, /mnt/hdd1/narendra/cambridge/projects/inProgress/nORFScore//data/goldenDataSet/SRR8454587_2.fastq
    output: /mnt/hdd1/narendra/cambridge/projects/inProgress/nORFScore/analysis/goldenDatasetVcf/SRR8454587/SRR8454587_fastp_1.fastq, /mnt/hdd1/narendra/cambridge/projects/inProgress/nORFScore/analysis/goldenDatasetVcf/SRR8454587/SRR8454587_fastp_2.fastq
    jobid: 8
    wildcards: sample=SRR8454587
    threads: 40

[Wed Feb  5 20:32:21 2020]
Finished job 8.
1 of 11 steps (9%) done

[Wed Feb  5 20:32:21 2020]
rule bwa:
    input: /mnt/hdd1/narendra/cambridge/projects/inProgress/iPSCLinesProteogenomics/data/genome/GRCh38/Homo_sapiens.GRCh38.dna.primary_assembly.fa, /mnt/hdd1/narendra/cambridge/projects/inProgress/nORFScore/analysis/goldenDatasetVcf/SRR8454587/SRR8454587_fastp_1.fastq, /mnt/hdd1/narendra/cambridge/projects/inProgress/nORFScore/analysis/goldenDatasetVcf/SRR8454587/SRR8454587_fastp_2.fastq
    output: /mnt/hdd1/narendra/cambridge/projects/inProgress/nORFScore/analysis/goldenDatasetVcf/SRR8454587/SRR8454587_fastp_bwaMem.bam
    jobid: 3
    wildcards: sample=SRR8454587
    threads: 40

[Wed Feb  5 20:32:21 2020]
Error in rule bwa:
    jobid: 3
    output: /mnt/hdd1/narendra/cambridge/projects/inProgress/nORFScore/analysis/goldenDatasetVcf/SRR8454587/SRR8454587_fastp_bwaMem.bam
    shell:
        bwa mem -t 40 /mnt/hdd1/narendra/cambridge/projects/inProgress/iPSCLinesProteogenomics/data/genome/GRCh38/Homo_sapiens.GRCh38.dna.primary_assembly.fa /mnt/hdd1/narendra/cambridge/projects/inProgress/nORFScore/analysis/goldenDatasetVcf/SRR8454587/SRR8454587_fastp_1.fastq /mnt/hdd1/narendra/cambridge/projects/inProgress/nORFScore/analysis/goldenDatasetVcf/SRR8454587/SRR8454587_fastp_2.fastq | samtools view -Sb - > /mnt/hdd1/narendra/cambridge/projects/inProgress/nORFScore/analysis/goldenDatasetVcf/SRR8454587/SRR8454587_fastp_bwaMem.bam
        (one of the commands exited with non-zero exit code; note that snakemake uses bash strict mode!)

Removing output files of failed job bwa since they might be corrupted:
/mnt/hdd1/narendra/cambridge/projects/inProgress/nORFScore/analysis/goldenDatasetVcf/SRR8454587/SRR8454587_fastp_bwaMem.bam
Shutting down, this might take some time.
Exiting because a job execution failed. Look above for error message
Complete log: /mnt/hdd1/narendra/cambridge/projects/inProgress/nORFScore/code/.snakemake/log/2020-02-05T191240.291998.snakemake.log
