Building DAG of jobs...
Using shell: /bin/bash
Provided cores: 40
Rules claiming more threads will be scaled down.
Job counts:
	count	jobs
	1	all
	5	bwa
	4	fastp
	10

[Wed Feb  5 20:54:56 2020]
rule bwa:
    input: /mnt/hdd1/narendra/cambridge/projects/inProgress/iPSCLinesProteogenomics/data/genome/GRCh38/Homo_sapiens.GRCh38.dna.primary_assembly.fa, /mnt/hdd1/narendra/cambridge/projects/inProgress/nORFScore/analysis/goldenDatasetVcf/SRR8454587/SRR8454587_fastp_1.fastq, /mnt/hdd1/narendra/cambridge/projects/inProgress/nORFScore/analysis/goldenDatasetVcf/SRR8454587/SRR8454587_fastp_2.fastq
    output: /mnt/hdd1/narendra/cambridge/projects/inProgress/nORFScore/analysis/goldenDatasetVcf/SRR8454587/SRR8454587_fastp_bwaMem.bam
    jobid: 3
    wildcards: sample=SRR8454587
    threads: 40

[Thu Feb  6 01:18:00 2020]
Finished job 3.
1 of 10 steps (10%) done

[Thu Feb  6 01:18:00 2020]
rule fastp:
    input: /mnt/hdd1/narendra/cambridge/projects/inProgress/nORFScore/data/goldenDataSet/SRR8381428_1.fastq, /mnt/hdd1/narendra/cambridge/projects/inProgress/nORFScore/data/goldenDataSet/SRR8381428_2.fastq
    output: /mnt/hdd1/narendra/cambridge/projects/inProgress/nORFScore/analysis/goldenDatasetVcf/SRR8381428/SRR8381428_fastp_1.fastq, /mnt/hdd1/narendra/cambridge/projects/inProgress/nORFScore/analysis/goldenDatasetVcf/SRR8381428/SRR8381428_fastp_2.fastq
    jobid: 7
    wildcards: sample=SRR8381428
    threads: 40

[Thu Feb  6 01:53:02 2020]
Finished job 7.
2 of 10 steps (20%) done

[Thu Feb  6 01:53:02 2020]
rule bwa:
    input: /mnt/hdd1/narendra/cambridge/projects/inProgress/iPSCLinesProteogenomics/data/genome/GRCh38/Homo_sapiens.GRCh38.dna.primary_assembly.fa, /mnt/hdd1/narendra/cambridge/projects/inProgress/nORFScore/analysis/goldenDatasetVcf/SRR8381428/SRR8381428_fastp_1.fastq, /mnt/hdd1/narendra/cambridge/projects/inProgress/nORFScore/analysis/goldenDatasetVcf/SRR8381428/SRR8381428_fastp_2.fastq
    output: /mnt/hdd1/narendra/cambridge/projects/inProgress/nORFScore/analysis/goldenDatasetVcf/SRR8381428/SRR8381428_fastp_bwaMem.bam
    jobid: 2
    wildcards: sample=SRR8381428
    threads: 40

[Thu Feb  6 03:20:28 2020]
Finished job 2.
3 of 10 steps (30%) done

[Thu Feb  6 03:20:28 2020]
rule fastp:
    input: /mnt/hdd1/narendra/cambridge/projects/inProgress/nORFScore/data/goldenDataSet/SRR8591413_1.fastq, /mnt/hdd1/narendra/cambridge/projects/inProgress/nORFScore/data/goldenDataSet/SRR8591413_2.fastq
    output: /mnt/hdd1/narendra/cambridge/projects/inProgress/nORFScore/analysis/goldenDatasetVcf/SRR8591413/SRR8591413_fastp_1.fastq, /mnt/hdd1/narendra/cambridge/projects/inProgress/nORFScore/analysis/goldenDatasetVcf/SRR8591413/SRR8591413_fastp_2.fastq
    jobid: 10
    wildcards: sample=SRR8591413
    threads: 40

[Thu Feb  6 03:35:50 2020]
Finished job 10.
4 of 10 steps (40%) done

[Thu Feb  6 03:35:50 2020]
rule bwa:
    input: /mnt/hdd1/narendra/cambridge/projects/inProgress/iPSCLinesProteogenomics/data/genome/GRCh38/Homo_sapiens.GRCh38.dna.primary_assembly.fa, /mnt/hdd1/narendra/cambridge/projects/inProgress/nORFScore/analysis/goldenDatasetVcf/SRR8591413/SRR8591413_fastp_1.fastq, /mnt/hdd1/narendra/cambridge/projects/inProgress/nORFScore/analysis/goldenDatasetVcf/SRR8591413/SRR8591413_fastp_2.fastq
    output: /mnt/hdd1/narendra/cambridge/projects/inProgress/nORFScore/analysis/goldenDatasetVcf/SRR8591413/SRR8591413_fastp_bwaMem.bam
    jobid: 5
    wildcards: sample=SRR8591413
    threads: 40

[Thu Feb  6 03:37:24 2020]
Error in rule bwa:
    jobid: 5
    output: /mnt/hdd1/narendra/cambridge/projects/inProgress/nORFScore/analysis/goldenDatasetVcf/SRR8591413/SRR8591413_fastp_bwaMem.bam
    shell:
        bwa mem -t 40 /mnt/hdd1/narendra/cambridge/projects/inProgress/iPSCLinesProteogenomics/data/genome/GRCh38/Homo_sapiens.GRCh38.dna.primary_assembly.fa /mnt/hdd1/narendra/cambridge/projects/inProgress/nORFScore/analysis/goldenDatasetVcf/SRR8591413/SRR8591413_fastp_1.fastq /mnt/hdd1/narendra/cambridge/projects/inProgress/nORFScore/analysis/goldenDatasetVcf/SRR8591413/SRR8591413_fastp_2.fastq | samtools view -Sb - > /mnt/hdd1/narendra/cambridge/projects/inProgress/nORFScore/analysis/goldenDatasetVcf/SRR8591413/SRR8591413_fastp_bwaMem.bam
        (one of the commands exited with non-zero exit code; note that snakemake uses bash strict mode!)

Removing output files of failed job bwa since they might be corrupted:
/mnt/hdd1/narendra/cambridge/projects/inProgress/nORFScore/analysis/goldenDatasetVcf/SRR8591413/SRR8591413_fastp_bwaMem.bam
Shutting down, this might take some time.
Exiting because a job execution failed. Look above for error message
Complete log: /mnt/hdd1/narendra/cambridge/projects/inProgress/nORFScore/code/.snakemake/log/2020-02-05T205456.203094.snakemake.log
