Building DAG of jobs...
Using shell: /bin/bash
Provided cores: 40
Rules claiming more threads will be scaled down.
Job counts:
	count	jobs
	1	all
	5	bwa
	2	fastp
	8

[Thu Feb  6 08:21:50 2020]
rule bwa:
    input: /mnt/hdd1/narendra/cambridge/projects/inProgress/iPSCLinesProteogenomics/data/genome/GRCh38/Homo_sapiens.GRCh38.dna.primary_assembly.fa, /mnt/hdd1/narendra/cambridge/projects/inProgress/nORFScore/analysis/goldenDatasetVcf/SRR8454587/SRR8454587_fastp_1.fastq, /mnt/hdd1/narendra/cambridge/projects/inProgress/nORFScore/analysis/goldenDatasetVcf/SRR8454587/SRR8454587_fastp_2.fastq
    output: /mnt/hdd1/narendra/cambridge/projects/inProgress/nORFScore/analysis/goldenDatasetVcf/SRR8454587/SRR8454587_fastp_bwaMem.bam
    log: /mnt/hdd1/narendra/cambridge/projects/inProgress/nORFScore/analysis/goldenDatasetVcf/SRR8454587/SRR8454587_fastp_bwaMem.log
    jobid: 3
    wildcards: sample=SRR8454587
    threads: 40

[Thu Feb  6 12:48:55 2020]
Finished job 3.
1 of 8 steps (12%) done

[Thu Feb  6 12:48:55 2020]
rule bwa:
    input: /mnt/hdd1/narendra/cambridge/projects/inProgress/iPSCLinesProteogenomics/data/genome/GRCh38/Homo_sapiens.GRCh38.dna.primary_assembly.fa, /mnt/hdd1/narendra/cambridge/projects/inProgress/nORFScore/analysis/goldenDatasetVcf/SRR8381428/SRR8381428_fastp_1.fastq, /mnt/hdd1/narendra/cambridge/projects/inProgress/nORFScore/analysis/goldenDatasetVcf/SRR8381428/SRR8381428_fastp_2.fastq
    output: /mnt/hdd1/narendra/cambridge/projects/inProgress/nORFScore/analysis/goldenDatasetVcf/SRR8381428/SRR8381428_fastp_bwaMem.bam
    log: /mnt/hdd1/narendra/cambridge/projects/inProgress/nORFScore/analysis/goldenDatasetVcf/SRR8381428/SRR8381428_fastp_bwaMem.log
    jobid: 2
    wildcards: sample=SRR8381428
    threads: 40

[Thu Feb  6 14:17:16 2020]
Finished job 2.
2 of 8 steps (25%) done

[Thu Feb  6 14:17:16 2020]
rule bwa:
    input: /mnt/hdd1/narendra/cambridge/projects/inProgress/iPSCLinesProteogenomics/data/genome/GRCh38/Homo_sapiens.GRCh38.dna.primary_assembly.fa, /mnt/hdd1/narendra/cambridge/projects/inProgress/nORFScore/analysis/goldenDatasetVcf/SRR8591413/SRR8591413_fastp_1.fastq, /mnt/hdd1/narendra/cambridge/projects/inProgress/nORFScore/analysis/goldenDatasetVcf/SRR8591413/SRR8591413_fastp_2.fastq
    output: /mnt/hdd1/narendra/cambridge/projects/inProgress/nORFScore/analysis/goldenDatasetVcf/SRR8591413/SRR8591413_fastp_bwaMem.bam
    log: /mnt/hdd1/narendra/cambridge/projects/inProgress/nORFScore/analysis/goldenDatasetVcf/SRR8591413/SRR8591413_fastp_bwaMem.log
    jobid: 5
    wildcards: sample=SRR8591413
    threads: 40

[Thu Feb  6 14:18:23 2020]
Error in rule bwa:
    jobid: 5
    output: /mnt/hdd1/narendra/cambridge/projects/inProgress/nORFScore/analysis/goldenDatasetVcf/SRR8591413/SRR8591413_fastp_bwaMem.bam
    log: /mnt/hdd1/narendra/cambridge/projects/inProgress/nORFScore/analysis/goldenDatasetVcf/SRR8591413/SRR8591413_fastp_bwaMem.log (check log file(s) for error message)
    shell:
        bwa mem -t 40 /mnt/hdd1/narendra/cambridge/projects/inProgress/iPSCLinesProteogenomics/data/genome/GRCh38/Homo_sapiens.GRCh38.dna.primary_assembly.fa /mnt/hdd1/narendra/cambridge/projects/inProgress/nORFScore/analysis/goldenDatasetVcf/SRR8591413/SRR8591413_fastp_1.fastq /mnt/hdd1/narendra/cambridge/projects/inProgress/nORFScore/analysis/goldenDatasetVcf/SRR8591413/SRR8591413_fastp_2.fastq | samtools view -Sb - > /mnt/hdd1/narendra/cambridge/projects/inProgress/nORFScore/analysis/goldenDatasetVcf/SRR8591413/SRR8591413_fastp_bwaMem.bam 2> /mnt/hdd1/narendra/cambridge/projects/inProgress/nORFScore/analysis/goldenDatasetVcf/SRR8591413/SRR8591413_fastp_bwaMem.log
        (one of the commands exited with non-zero exit code; note that snakemake uses bash strict mode!)

Removing output files of failed job bwa since they might be corrupted:
/mnt/hdd1/narendra/cambridge/projects/inProgress/nORFScore/analysis/goldenDatasetVcf/SRR8591413/SRR8591413_fastp_bwaMem.bam
Shutting down, this might take some time.
Exiting because a job execution failed. Look above for error message
Complete log: /mnt/hdd1/narendra/cambridge/projects/inProgress/nORFScore/code/.snakemake/log/2020-02-06T082150.792096.snakemake.log
