Building DAG of jobs...
Using shell: /bin/bash
Provided cores: 40
Rules claiming more threads will be scaled down.
Job counts:
	count	jobs
	1	all
	5	bwa
	4	fastp
	10

[Wed Feb  5 20:53:34 2020]
rule bwa:
    input: /mnt/hdd1/narendra/cambridge/projects/inProgress/iPSCLinesProteogenomics/data/genome/GRCh38/Homo_sapiens.GRCh38.dna.primary_assembly.fa, /mnt/hdd1/narendra/cambridge/projects/inProgress/nORFScore/analysis/goldenDatasetVcf/SRR8454587/SRR8454587_fastp_1.fastq, /mnt/hdd1/narendra/cambridge/projects/inProgress/nORFScore/analysis/goldenDatasetVcf/SRR8454587/SRR8454587_fastp_2.fastq
    output: /mnt/hdd1/narendra/cambridge/projects/inProgress/nORFScore/analysis/goldenDatasetVcf/SRR8454587/SRR8454587_fastp_bwaMem.bam
    jobid: 3
    wildcards: sample=SRR8454587
    threads: 40

[Wed Feb  5 20:53:34 2020]
Error in rule bwa:
    jobid: 3
    output: /mnt/hdd1/narendra/cambridge/projects/inProgress/nORFScore/analysis/goldenDatasetVcf/SRR8454587/SRR8454587_fastp_bwaMem.bam
    shell:
        bwa mem -t 40 /mnt/hdd1/narendra/cambridge/projects/inProgress/iPSCLinesProteogenomics/data/genome/GRCh38/Homo_sapiens.GRCh38.dna.primary_assembly.fa /mnt/hdd1/narendra/cambridge/projects/inProgress/nORFScore/analysis/goldenDatasetVcf/SRR8454587/SRR8454587_fastp_1.fastq /mnt/hdd1/narendra/cambridge/projects/inProgress/nORFScore/analysis/goldenDatasetVcf/SRR8454587/SRR8454587_fastp_2.fastq | samtools view -Sb - > /mnt/hdd1/narendra/cambridge/projects/inProgress/nORFScore/analysis/goldenDatasetVcf/SRR8454587/SRR8454587_fastp_bwaMem.bam
        (one of the commands exited with non-zero exit code; note that snakemake uses bash strict mode!)

Removing output files of failed job bwa since they might be corrupted:
/mnt/hdd1/narendra/cambridge/projects/inProgress/nORFScore/analysis/goldenDatasetVcf/SRR8454587/SRR8454587_fastp_bwaMem.bam
Shutting down, this might take some time.
Exiting because a job execution failed. Look above for error message
Complete log: /mnt/hdd1/narendra/cambridge/projects/inProgress/nORFScore/code/.snakemake/log/2020-02-05T205334.716086.snakemake.log
